{
"contracts/Raffle.sol":{"l":{"59":3,"60":3,"61":3,"62":3,"63":3,"64":3,"65":3,"66":3,"70":15,"71":1,"73":14,"74":1,"76":13,"78":13,"86":11,"87":11,"88":11,"89":11,"90":11,"96":6,"97":6,"98":1,"101":5,"102":5,"109":5,"116":1,"117":1,"118":1,"119":1,"120":1,"121":1,"122":1,"123":1,"124":0,"126":1,"131":14,"135":1,"139":1,"143":4,"147":0,"151":1,"155":2,"159":0,"163":14},"path":"/home/airp0wer/hh-fcc/hardhat-lotery/contracts/Raffle.sol","s":{"1":15,"2":14,"3":13,"4":13,"5":11,"6":11,"7":11,"8":11,"9":6,"10":6,"11":5,"12":5,"13":1,"14":1,"15":1,"16":1,"17":1,"18":14,"19":1,"20":1,"21":4,"22":0,"23":1,"24":2,"25":0,"26":14},"b":{"1":[1,14],"2":[1,13],"3":[1,5],"4":[0,1]},"f":{"1":3,"2":15,"3":11,"4":6,"5":1,"6":14,"7":1,"8":1,"9":4,"10":0,"11":1,"12":2,"13":0,"14":14},"fnMap":{"1":{"name":"constructor","line":58,"loc":{"start":{"line":50,"column":2},"end":{"line":67,"column":2}}},"2":{"name":"enterRaffle","line":69,"loc":{"start":{"line":69,"column":2},"end":{"line":79,"column":2}}},"3":{"name":"checkUpkeep","line":85,"loc":{"start":{"line":85,"column":2},"end":{"line":92,"column":2}}},"4":{"name":"performUpkeep","line":95,"loc":{"start":{"line":95,"column":2},"end":{"line":110,"column":2}}},"5":{"name":"fulfillRandomWords","line":112,"loc":{"start":{"line":112,"column":2},"end":{"line":127,"column":2}}},"6":{"name":"getEnteranceFee","line":130,"loc":{"start":{"line":130,"column":2},"end":{"line":132,"column":2}}},"7":{"name":"getPlayer","line":134,"loc":{"start":{"line":134,"column":2},"end":{"line":136,"column":2}}},"8":{"name":"getRecentWinner","line":138,"loc":{"start":{"line":138,"column":2},"end":{"line":140,"column":2}}},"9":{"name":"getRaffleState","line":142,"loc":{"start":{"line":142,"column":2},"end":{"line":144,"column":2}}},"10":{"name":"getNumWords","line":146,"loc":{"start":{"line":146,"column":2},"end":{"line":148,"column":2}}},"11":{"name":"getNumberOfPlayers","line":150,"loc":{"start":{"line":150,"column":2},"end":{"line":152,"column":2}}},"12":{"name":"getLatestTimeStamp","line":154,"loc":{"start":{"line":154,"column":2},"end":{"line":156,"column":2}}},"13":{"name":"getRequestConfirmation","line":158,"loc":{"start":{"line":158,"column":2},"end":{"line":160,"column":2}}},"14":{"name":"getInterval","line":162,"loc":{"start":{"line":162,"column":2},"end":{"line":164,"column":2}}}},"statementMap":{"1":{"start":{"line":70,"column":4},"end":{"line":70,"column":2050}},"2":{"start":{"line":73,"column":4},"end":{"line":73,"column":2137}},"3":{"start":{"line":76,"column":4},"end":{"line":76,"column":38}},"4":{"start":{"line":78,"column":4},"end":{"line":78,"column":32}},"5":{"start":{"line":86,"column":4},"end":{"line":86,"column":53}},"6":{"start":{"line":87,"column":4},"end":{"line":87,"column":73}},"7":{"start":{"line":88,"column":4},"end":{"line":88,"column":44}},"8":{"start":{"line":89,"column":4},"end":{"line":89,"column":46}},"9":{"start":{"line":96,"column":4},"end":{"line":96,"column":43}},"10":{"start":{"line":97,"column":4},"end":{"line":97,"column":2965}},"11":{"start":{"line":102,"column":4},"end":{"line":102,"column":3145}},"12":{"start":{"line":109,"column":4},"end":{"line":109,"column":39}},"13":{"start":{"line":116,"column":4},"end":{"line":116,"column":61}},"14":{"start":{"line":117,"column":4},"end":{"line":117,"column":59}},"15":{"start":{"line":122,"column":4},"end":{"line":122,"column":74}},"16":{"start":{"line":123,"column":4},"end":{"line":123,"column":3841}},"17":{"start":{"line":126,"column":4},"end":{"line":126,"column":35}},"18":{"start":{"line":131,"column":4},"end":{"line":131,"column":24}},"19":{"start":{"line":135,"column":4},"end":{"line":135,"column":27}},"20":{"start":{"line":139,"column":4},"end":{"line":139,"column":25}},"21":{"start":{"line":143,"column":4},"end":{"line":143,"column":24}},"22":{"start":{"line":147,"column":4},"end":{"line":147,"column":20}},"23":{"start":{"line":151,"column":4},"end":{"line":151,"column":27}},"24":{"start":{"line":155,"column":4},"end":{"line":155,"column":26}},"25":{"start":{"line":159,"column":4},"end":{"line":159,"column":32}},"26":{"start":{"line":163,"column":4},"end":{"line":163,"column":21}}},"branchMap":{"1":{"line":70,"type":"if","locations":[{"start":{"line":70,"column":4},"end":{"line":70,"column":4}},{"start":{"line":70,"column":4},"end":{"line":70,"column":4}}]},"2":{"line":73,"type":"if","locations":[{"start":{"line":73,"column":4},"end":{"line":73,"column":4}},{"start":{"line":73,"column":4},"end":{"line":73,"column":4}}]},"3":{"line":97,"type":"if","locations":[{"start":{"line":97,"column":4},"end":{"line":97,"column":4}},{"start":{"line":97,"column":4},"end":{"line":97,"column":4}}]},"4":{"line":123,"type":"if","locations":[{"start":{"line":123,"column":4},"end":{"line":123,"column":4}},{"start":{"line":123,"column":4},"end":{"line":123,"column":4}}]}}},
"contracts/test/VRFCoordinatorV2Mock.sol":{"l":{},"path":"/home/airp0wer/hh-fcc/hardhat-lotery/contracts/test/VRFCoordinatorV2Mock.sol","s":{},"b":{},"f":{},"fnMap":{},"statementMap":{},"branchMap":{}}}
