TN:
SF:/home/airp0wer/hh-fcc/hardhat-lotery/contracts/Raffle.sol
FN:58,constructor
FN:69,enterRaffle
FN:85,checkUpkeep
FN:95,performUpkeep
FN:112,fulfillRandomWords
FN:130,getEnteranceFee
FN:134,getPlayer
FN:138,getRecentWinner
FN:142,getRaffleState
FN:146,getNumWords
FN:150,getNumberOfPlayers
FN:154,getLatestTimeStamp
FN:158,getRequestConfirmation
FN:162,getInterval
FNF:14
FNH:8
FNDA:3,constructor
FNDA:5,enterRaffle
FNDA:1,checkUpkeep
FNDA:1,performUpkeep
FNDA:0,fulfillRandomWords
FNDA:5,getEnteranceFee
FNDA:1,getPlayer
FNDA:0,getRecentWinner
FNDA:1,getRaffleState
FNDA:0,getNumWords
FNDA:0,getNumberOfPlayers
FNDA:0,getLatestTimeStamp
FNDA:0,getRequestConfirmation
FNDA:5,getInterval
DA:59,3
DA:60,3
DA:61,3
DA:62,3
DA:63,3
DA:64,3
DA:65,3
DA:66,3
DA:70,5
DA:71,1
DA:73,4
DA:74,1
DA:76,3
DA:78,3
DA:86,1
DA:87,1
DA:88,1
DA:89,1
DA:90,1
DA:91,1
DA:96,1
DA:97,1
DA:98,0
DA:101,1
DA:102,1
DA:109,1
DA:116,0
DA:117,0
DA:118,0
DA:119,0
DA:120,0
DA:121,0
DA:122,0
DA:123,0
DA:124,0
DA:126,0
DA:131,5
DA:135,1
DA:139,0
DA:143,1
DA:147,0
DA:151,0
DA:155,0
DA:159,0
DA:163,5
LF:45
LH:29
BRDA:70,1,0,1
BRDA:70,1,1,4
BRDA:73,2,0,1
BRDA:73,2,1,3
BRDA:97,3,0,0
BRDA:97,3,1,1
BRDA:123,4,0,0
BRDA:123,4,1,0
BRF:8
BRH:5
end_of_record
TN:
SF:/home/airp0wer/hh-fcc/hardhat-lotery/contracts/test/VRFCoordinatorV2Mock.sol
FNF:0
FNH:0
LF:0
LH:0
BRF:0
BRH:0
end_of_record
