TN:
SF:/home/airp0wer/hh-fcc/hardhat-lotery/contracts/Raffle.sol
FN:58,constructor
FN:69,enterRaffle
FN:85,checkUpkeep
FN:95,performUpkeep
FN:112,fulfillRandomWords
FN:130,getEnteranceFee
FN:134,getPlayer
FN:138,getRecentWinner
FN:142,getRaffleState
FN:146,getNumWords
FN:150,getNumberOfPlayers
FN:154,getLatestTimeStamp
FN:158,getRequestConfirmation
FN:162,getInterval
FNF:14
FNH:12
FNDA:3,constructor
FNDA:15,enterRaffle
FNDA:11,checkUpkeep
FNDA:6,performUpkeep
FNDA:1,fulfillRandomWords
FNDA:14,getEnteranceFee
FNDA:1,getPlayer
FNDA:1,getRecentWinner
FNDA:4,getRaffleState
FNDA:0,getNumWords
FNDA:1,getNumberOfPlayers
FNDA:2,getLatestTimeStamp
FNDA:0,getRequestConfirmation
FNDA:14,getInterval
DA:59,3
DA:60,3
DA:61,3
DA:62,3
DA:63,3
DA:64,3
DA:65,3
DA:66,3
DA:70,15
DA:71,1
DA:73,14
DA:74,1
DA:76,13
DA:78,13
DA:86,11
DA:87,11
DA:88,11
DA:89,11
DA:90,11
DA:96,6
DA:97,6
DA:98,1
DA:101,5
DA:102,5
DA:109,5
DA:116,1
DA:117,1
DA:118,1
DA:119,1
DA:120,1
DA:121,1
DA:122,1
DA:123,1
DA:124,0
DA:126,1
DA:131,14
DA:135,1
DA:139,1
DA:143,4
DA:147,0
DA:151,1
DA:155,2
DA:159,0
DA:163,14
LF:44
LH:41
BRDA:70,1,0,1
BRDA:70,1,1,14
BRDA:73,2,0,1
BRDA:73,2,1,13
BRDA:97,3,0,1
BRDA:97,3,1,5
BRDA:123,4,0,0
BRDA:123,4,1,1
BRF:8
BRH:7
end_of_record
TN:
SF:/home/airp0wer/hh-fcc/hardhat-lotery/contracts/test/VRFCoordinatorV2Mock.sol
FNF:0
FNH:0
LF:0
LH:0
BRF:0
BRH:0
end_of_record
